<?xml version="1.0" encoding="UTF-8"?>
<!-- Generated by org.testng.reporters.JUnitReportReporter -->
<testsuite hostname="Shri" failures="0" tests="1" name="Com.test.TestCase" time="9.982" errors="0" timestamp="26 Mar 2024 18:33:06 GMT" skipped="0">
  <testcase classname="Com.test.TestCase" name="verifyFirstPom" time="9.982"/>
</testsuite> <!-- Com.test.TestCase -->
