<?xml version="1.0" encoding="UTF-8"?>
<!-- Generated by org.testng.reporters.JUnitReportReporter -->
<testsuite hostname="Shri" failures="0" tests="1" name="Com.test.TestCase" time="6.875" errors="0" timestamp="27 Mar 2024 12:04:32 GMT" skipped="0">
  <testcase classname="Com.test.TestCase" name="verifyFirstPom" time="6.875"/>
</testsuite> <!-- Com.test.TestCase -->
